<?xml version="1.0" encoding="UTF-8"?>
<!-- Generated by org.testng.reporters.JUnitReportReporter -->
<testsuite skipped="0" hostname="USER-PC" name="com.rest.assured.test.GetCurrentWeatherDataAPI" tests="1" failures="0" timestamp="09 Sep 2018 18:40:27 GMT" time="2.239" errors="0">
  <testcase name="GetMainPressureByCityName" time="2.239" classname="com.rest.assured.test.GetCurrentWeatherDataAPI"/>
</testsuite> <!-- com.rest.assured.test.GetCurrentWeatherDataAPI -->
