<?xml version="1.0" encoding="UTF-8"?>
<!-- Generated by org.testng.reporters.JUnitReportReporter -->
<testsuite skipped="0" hostname="USER-PC" name="com.rest.assured.test.PostCurrentWeatherDataAPI" tests="1" failures="0" timestamp="09 Sep 2018 17:16:20 GMT" time="2.084" errors="0">
  <testcase name="UpdateCityId" time="2.084" classname="com.rest.assured.test.PostCurrentWeatherDataAPI"/>
</testsuite> <!-- com.rest.assured.test.PostCurrentWeatherDataAPI -->
