<?xml version="1.0" encoding="UTF-8"?>
<!-- Generated by org.testng.reporters.JUnitReportReporter -->
<testsuite skipped="0" hostname="USER-PC" name="com.rest.assured.test.PostMethod_001" tests="1" failures="0" timestamp="03 Sep 2018 17:48:58 GMT" time="3.513" errors="0">
  <testcase name="PostApi" time="3.513" classname="com.rest.assured.test.PostMethod_001"/>
</testsuite> <!-- com.rest.assured.test.PostMethod_001 -->
