<?xml version="1.0" encoding="UTF-8"?>
<!-- Generated by org.testng.reporters.JUnitReportReporter -->
<testsuite skipped="0" hostname="USER-PC" name="com.rest.assured.test.GetMethod_002_json" tests="1" failures="0" timestamp="05 Sep 2018 17:56:20 GMT" time="3.802" errors="0">
  <testcase name="getNearByGoogleMapAPI" time="3.802" classname="com.rest.assured.test.GetMethod_002_json"/>
</testsuite> <!-- com.rest.assured.test.GetMethod_002_json -->
