<?xml version="1.0" encoding="UTF-8"?>
<!-- Generated by org.testng.reporters.JUnitReportReporter -->
<testsuite skipped="0" hostname="USER-PC" name="com.rest.assured.test.GetMethod_002_xml" tests="1" failures="0" timestamp="04 Sep 2018 16:53:45 GMT" time="3.453" errors="0">
  <testcase name="getNearByGoogleMapAPI" time="3.453" classname="com.rest.assured.test.GetMethod_002_xml"/>
</testsuite> <!-- com.rest.assured.test.GetMethod_002_xml -->
